<?xml version="1.0" encoding="UTF-8"?>
<!-- Generated by org.testng.reporters.JUnitXMLReporter -->
<testsuite ignored="0" hostname="MansoorHassan" failures="0" tests="3" name="Default test" time="23.977" errors="0" timestamp="2024-10-24T00:32:28 IST">
  <testcase classname="com.alj.testcases.LoginPageTest" name="loginpagePageTitle" time="0.014"/>
  <testcase classname="com.alj.testcases.LoginPageTest" name="AppianLogoImageTest" time="0.04"/>
  <testcase classname="com.alj.testcases.LoginPageTest" name="LoginDetailsTest" time="15.971"/>
</testsuite> <!-- Default test -->
