<?xml version="1.0" encoding="UTF-8"?>
<!-- Generated by org.testng.reporters.JUnitXMLReporter -->
<testsuite ignored="0" hostname="DESKTOP-CF55BG5" failures="0" tests="3" name="Default test" time="20.045" errors="0" timestamp="2024-10-24T13:05:32 IST">
  <testcase classname="com.alj.testcases.LoginPageTest" name="loginpagePageTitle" time="1.631"/>
  <testcase classname="com.alj.testcases.LoginPageTest" name="AppianLogoImageTest" time="0.031"/>
  <testcase classname="com.alj.testcases.LoginPageTest" name="LoginDetailsTest" time="3.024"/>
</testsuite> <!-- Default test -->
