<?xml version="1.0" encoding="UTF-8"?>
<testng-results ignored="0" total="3" passed="3" failed="0" skipped="0">
  <reporter-output>
  </reporter-output>
  <suite started-at="2024-10-24T00:32:04 IST" name="Default suite" finished-at="2024-10-24T00:32:28 IST" duration-ms="23977">
    <groups>
    </groups>
    <test started-at="2024-10-24T00:32:04 IST" name="Default test" finished-at="2024-10-24T00:32:28 IST" duration-ms="23977">
      <class name="com.alj.testcases.LoginPageTest">
        <test-method is-config="true" signature="setup()[pri:0, instance:com.alj.testcases.LoginPageTest@368247b9]" started-at="2024-10-24T00:32:04 IST" name="setup" finished-at="2024-10-24T00:32:07 IST" duration-ms="3015" status="PASS">
          <reporter-output>
          </reporter-output>
        </test-method> <!-- setup -->
        <test-method signature="loginpagePageTitle()[pri:1, instance:com.alj.testcases.LoginPageTest@368247b9]" started-at="2024-10-24T00:32:07 IST" name="loginpagePageTitle" finished-at="2024-10-24T00:32:07 IST" duration-ms="14" status="PASS">
          <reporter-output>
          </reporter-output>
        </test-method> <!-- loginpagePageTitle -->
        <test-method is-config="true" signature="teardown()[pri:0, instance:com.alj.testcases.LoginPageTest@368247b9]" started-at="2024-10-24T00:32:07 IST" name="teardown" finished-at="2024-10-24T00:32:07 IST" duration-ms="255" status="PASS">
          <reporter-output>
          </reporter-output>
        </test-method> <!-- teardown -->
        <test-method is-config="true" signature="setup()[pri:0, instance:com.alj.testcases.LoginPageTest@368247b9]" started-at="2024-10-24T00:32:07 IST" name="setup" finished-at="2024-10-24T00:32:10 IST" duration-ms="2816" status="PASS">
          <reporter-output>
          </reporter-output>
        </test-method> <!-- setup -->
        <test-method signature="AppianLogoImageTest()[pri:2, instance:com.alj.testcases.LoginPageTest@368247b9]" started-at="2024-10-24T00:32:10 IST" name="AppianLogoImageTest" finished-at="2024-10-24T00:32:10 IST" duration-ms="40" status="PASS">
          <reporter-output>
          </reporter-output>
        </test-method> <!-- AppianLogoImageTest -->
        <test-method is-config="true" signature="teardown()[pri:0, instance:com.alj.testcases.LoginPageTest@368247b9]" started-at="2024-10-24T00:32:10 IST" name="teardown" finished-at="2024-10-24T00:32:10 IST" duration-ms="244" status="PASS">
          <reporter-output>
          </reporter-output>
        </test-method> <!-- teardown -->
        <test-method is-config="true" signature="setup()[pri:0, instance:com.alj.testcases.LoginPageTest@368247b9]" started-at="2024-10-24T00:32:10 IST" name="setup" finished-at="2024-10-24T00:32:11 IST" duration-ms="1320" status="PASS">
          <reporter-output>
          </reporter-output>
        </test-method> <!-- setup -->
        <test-method signature="LoginDetailsTest()[pri:3, instance:com.alj.testcases.LoginPageTest@368247b9]" started-at="2024-10-24T00:32:11 IST" name="LoginDetailsTest" finished-at="2024-10-24T00:32:27 IST" duration-ms="15971" status="PASS">
          <reporter-output>
          </reporter-output>
        </test-method> <!-- LoginDetailsTest -->
        <test-method is-config="true" signature="teardown()[pri:0, instance:com.alj.testcases.LoginPageTest@368247b9]" started-at="2024-10-24T00:32:27 IST" name="teardown" finished-at="2024-10-24T00:32:28 IST" duration-ms="249" status="PASS">
          <reporter-output>
          </reporter-output>
        </test-method> <!-- teardown -->
      </class> <!-- com.alj.testcases.LoginPageTest -->
    </test> <!-- Default test -->
  </suite> <!-- Default suite -->
</testng-results>
