<?xml version="1.0" encoding="UTF-8"?>
<testng-results ignored="0" total="3" passed="3" failed="0" skipped="0">
  <reporter-output>
  </reporter-output>
  <suite started-at="2024-10-24T13:05:12 IST" name="Default suite" finished-at="2024-10-24T13:05:32 IST" duration-ms="20045">
    <groups>
    </groups>
    <test started-at="2024-10-24T13:05:12 IST" name="Default test" finished-at="2024-10-24T13:05:32 IST" duration-ms="20045">
      <class name="com.alj.testcases.LoginPageTest">
        <test-method is-config="true" signature="setup()[pri:0, instance:com.alj.testcases.LoginPageTest@4d5d943d]" started-at="2024-10-24T13:05:12 IST" name="setup" finished-at="2024-10-24T13:05:16 IST" duration-ms="4057" status="PASS">
          <reporter-output>
          </reporter-output>
        </test-method> <!-- setup -->
        <test-method signature="loginpagePageTitle()[pri:1, instance:com.alj.testcases.LoginPageTest@4d5d943d]" started-at="2024-10-24T13:05:16 IST" name="loginpagePageTitle" finished-at="2024-10-24T13:05:18 IST" duration-ms="1631" status="PASS">
          <reporter-output>
          </reporter-output>
        </test-method> <!-- loginpagePageTitle -->
        <test-method is-config="true" signature="teardown()[pri:0, instance:com.alj.testcases.LoginPageTest@4d5d943d]" started-at="2024-10-24T13:05:18 IST" name="teardown" finished-at="2024-10-24T13:05:18 IST" duration-ms="449" status="PASS">
          <reporter-output>
          </reporter-output>
        </test-method> <!-- teardown -->
        <test-method is-config="true" signature="setup()[pri:0, instance:com.alj.testcases.LoginPageTest@4d5d943d]" started-at="2024-10-24T13:05:18 IST" name="setup" finished-at="2024-10-24T13:05:23 IST" duration-ms="4346" status="PASS">
          <reporter-output>
          </reporter-output>
        </test-method> <!-- setup -->
        <test-method signature="AppianLogoImageTest()[pri:2, instance:com.alj.testcases.LoginPageTest@4d5d943d]" started-at="2024-10-24T13:05:23 IST" name="AppianLogoImageTest" finished-at="2024-10-24T13:05:23 IST" duration-ms="31" status="PASS">
          <reporter-output>
          </reporter-output>
        </test-method> <!-- AppianLogoImageTest -->
        <test-method is-config="true" signature="teardown()[pri:0, instance:com.alj.testcases.LoginPageTest@4d5d943d]" started-at="2024-10-24T13:05:23 IST" name="teardown" finished-at="2024-10-24T13:05:24 IST" duration-ms="902" status="PASS">
          <reporter-output>
          </reporter-output>
        </test-method> <!-- teardown -->
        <test-method is-config="true" signature="setup()[pri:0, instance:com.alj.testcases.LoginPageTest@4d5d943d]" started-at="2024-10-24T13:05:24 IST" name="setup" finished-at="2024-10-24T13:05:28 IST" duration-ms="4444" status="PASS">
          <reporter-output>
          </reporter-output>
        </test-method> <!-- setup -->
        <test-method signature="LoginDetailsTest()[pri:3, instance:com.alj.testcases.LoginPageTest@4d5d943d]" started-at="2024-10-24T13:05:28 IST" name="LoginDetailsTest" finished-at="2024-10-24T13:05:31 IST" duration-ms="3024" status="PASS">
          <reporter-output>
          </reporter-output>
        </test-method> <!-- LoginDetailsTest -->
        <test-method is-config="true" signature="teardown()[pri:0, instance:com.alj.testcases.LoginPageTest@4d5d943d]" started-at="2024-10-24T13:05:31 IST" name="teardown" finished-at="2024-10-24T13:05:32 IST" duration-ms="1120" status="PASS">
          <reporter-output>
          </reporter-output>
        </test-method> <!-- teardown -->
      </class> <!-- com.alj.testcases.LoginPageTest -->
    </test> <!-- Default test -->
  </suite> <!-- Default suite -->
</testng-results>
